2025-10-01 18:47:39,595 - trader.bybit_analyser - WARNING - 🎮 MODO SIMULADO ATIVADO
2025-10-01 18:47:39,595 - __main__ - INFO - 💰 Saldo real na Bybit: $18.34
2025-10-01 18:47:39,595 - trader.core - INFO - 🤖 ULTRABOT inicializado - Modo CONSERVATIVE Ativado!
2025-10-01 18:47:39,595 - __main__ - INFO - 🤖 ULTRABOT inicializado - Modo Ganancioso Ativado!
2025-10-01 18:47:39,814 - telegram_bot.bot - ERROR - ❌ Erro ao inicializar Telegram: Updater.__init__() got an unexpected keyword argument 'token'
2025-10-01 18:47:39,815 - __main__ - WARNING - ⚠️ Telegram bot não pôde ser inicializado
2025-10-01 18:47:39,815 - __main__ - ERROR - 🔴 DISCREPÂNCIA DE SALDO: Bybit=$18.34 vs Bot=$1000.00 (Dif: $981.66)
2025-10-01 18:47:39,815 - __main__ - INFO - 🚀 Iniciando servidor ULTRABOT PRO...
2025-10-01 18:47:39,822 - __main__ - ERROR - ❌ Erro fatal: cannot import name 'HOST' from 'config' (/home/kali/tavares-trader/config/__init__.py)
2025-10-01 18:50:15,343 - trader.bybit_analyser - WARNING - 🎮 MODO SIMULADO ATIVADO
2025-10-01 18:50:15,344 - __main__ - INFO - 💰 Saldo real na Bybit: $18.34
2025-10-01 18:50:15,344 - trader.core - INFO - 🤖 ULTRABOT inicializado - Modo CONSERVATIVE Ativado!
2025-10-01 18:50:15,344 - __main__ - INFO - 🤖 ULTRABOT inicializado - Modo Ganancioso Ativado!
2025-10-01 18:50:15,522 - telegram_bot.bot - ERROR - ❌ Erro ao inicializar Telegram: Updater.__init__() got an unexpected keyword argument 'token'
2025-10-01 18:50:15,524 - __main__ - WARNING - ⚠️ Telegram bot não pôde ser inicializado
2025-10-01 18:50:15,526 - __main__ - ERROR - 🔴 DISCREPÂNCIA DE SALDO: Bybit=$18.34 vs Bot=$1000.00 (Dif: $981.66)
2025-10-01 18:50:15,526 - __main__ - INFO - 🚀 Iniciando servidor ULTRABOT PRO...
2025-10-01 18:50:15,536 - __main__ - ERROR - ❌ Erro fatal: cannot import name 'HOST' from 'config' (/home/kali/tavares-trader/config/__init__.py)
2025-10-02 06:42:02,805 - trader.bybit_analyser - WARNING - 🎮 MODO SIMULADO ATIVADO
2025-10-02 06:42:02,818 - __main__ - INFO - 💰 Saldo real na Bybit: $18.34
2025-10-02 06:42:02,818 - trader.core - INFO - 🤖 ULTRABOT inicializado - Modo CONSERVATIVE Ativado!
2025-10-02 06:42:02,818 - __main__ - INFO - 🤖 ULTRABOT inicializado - Modo Ganancioso Ativado!
2025-10-02 06:42:02,891 - __main__ - WARNING - ⚠️ Telegram não disponível: No module named 'imghdr'
2025-10-02 06:42:02,892 - __main__ - ERROR - 🔴 DISCREPÂNCIA DE SALDO: Bybit=$18.34 vs Bot=$1000.00 (Dif: $981.66)
2025-10-02 06:42:02,892 - __main__ - INFO - 🚀 Iniciando servidor ULTRABOT PRO...
2025-10-02 06:42:02,933 - __main__ - INFO - 🌐 Servidor rodando em: http://0.0.0.0:5000
2025-10-02 06:42:02,933 - __main__ - INFO - ⚠️  Usando Waitress (Produção)
2025-10-02 06:42:02,937 - waitress - INFO - Serving on http://0.0.0.0:5000
2025-10-02 06:43:58,062 - app - ERROR - Exception on /api/start [POST]
Traceback (most recent call last):
  File "/home/kali/tavares-trader/venv/lib/python3.13/site-packages/flask/app.py", line 2190, in wsgi_app
    response = self.full_dispatch_request()
  File "/home/kali/tavares-trader/venv/lib/python3.13/site-packages/flask/app.py", line 1486, in full_dispatch_request
    rv = self.handle_user_exception(e)
  File "/home/kali/tavares-trader/venv/lib/python3.13/site-packages/flask/app.py", line 1484, in full_dispatch_request
    rv = self.dispatch_request()
  File "/home/kali/tavares-trader/venv/lib/python3.13/site-packages/flask/app.py", line 1469, in dispatch_request
    return self.ensure_sync(self.view_functions[rule.endpoint])(**view_args)
           ~~~~~~~~~~~~~~~~^^^^^^^^^^^^^^^^^^^^^^^^^^^^^^^^^^^^
  File "/home/kali/tavares-trader/venv/lib/python3.13/site-packages/flask/app.py", line 1553, in ensure_sync
    return self.async_to_sync(func)
           ~~~~~~~~~~~~~~~~~~^^^^^^
  File "/home/kali/tavares-trader/venv/lib/python3.13/site-packages/flask/app.py", line 1574, in async_to_sync
    raise RuntimeError(
        "Install Flask with the 'async' extra in order to use async views."
    ) from None
RuntimeError: Install Flask with the 'async' extra in order to use async views.
2025-10-02 06:44:23,102 - app - ERROR - Exception on /api/start [POST]
Traceback (most recent call last):
  File "/home/kali/tavares-trader/venv/lib/python3.13/site-packages/flask/app.py", line 2190, in wsgi_app
    response = self.full_dispatch_request()
  File "/home/kali/tavares-trader/venv/lib/python3.13/site-packages/flask/app.py", line 1486, in full_dispatch_request
    rv = self.handle_user_exception(e)
  File "/home/kali/tavares-trader/venv/lib/python3.13/site-packages/flask/app.py", line 1484, in full_dispatch_request
    rv = self.dispatch_request()
  File "/home/kali/tavares-trader/venv/lib/python3.13/site-packages/flask/app.py", line 1469, in dispatch_request
    return self.ensure_sync(self.view_functions[rule.endpoint])(**view_args)
           ~~~~~~~~~~~~~~~~^^^^^^^^^^^^^^^^^^^^^^^^^^^^^^^^^^^^
  File "/home/kali/tavares-trader/venv/lib/python3.13/site-packages/flask/app.py", line 1553, in ensure_sync
    return self.async_to_sync(func)
           ~~~~~~~~~~~~~~~~~~^^^^^^
  File "/home/kali/tavares-trader/venv/lib/python3.13/site-packages/flask/app.py", line 1574, in async_to_sync
    raise RuntimeError(
        "Install Flask with the 'async' extra in order to use async views."
    ) from None
RuntimeError: Install Flask with the 'async' extra in order to use async views.
2025-10-02 06:47:54,757 - trader.bybit_analyser - WARNING - 🎮 MODO SIMULADO ATIVADO
2025-10-02 06:47:54,757 - __main__ - INFO - 💰 Saldo real na Bybit: $18.34
2025-10-02 06:47:54,758 - trader.core - INFO - 🤖 ULTRABOT inicializado - Modo CONSERVATIVE Ativado!
2025-10-02 06:47:54,758 - __main__ - INFO - 🤖 ULTRABOT inicializado - Modo Ganancioso Ativado!
2025-10-02 06:47:54,911 - __main__ - WARNING - ⚠️ Telegram não disponível: No module named 'imghdr'
2025-10-02 06:47:54,911 - __main__ - ERROR - 🔴 DISCREPÂNCIA DE SALDO: Bybit=$18.34 vs Bot=$1000.00 (Dif: $981.66)
2025-10-02 06:47:54,912 - __main__ - INFO - 🚀 Iniciando servidor ULTRABOT PRO...
2025-10-02 06:47:54,966 - __main__ - INFO - 🌐 Servidor rodando em: http://0.0.0.0:5000
2025-10-02 06:47:54,966 - __main__ - INFO - ⚠️  Usando Waitress (Produção)
2025-10-02 06:47:54,973 - waitress - INFO - Serving on http://0.0.0.0:5000
2025-10-02 06:48:06,539 - __main__ - WARNING - ⚠️ Telegram não disponível: No module named 'imghdr'
2025-10-02 06:48:06,541 - trader.core - INFO - 🚀 ULTRABOT iniciado - Modo Ganancioso Ativado!
2025-10-02 06:48:06,541 - trader.core - INFO - 💰 Trade executado: WIN - $1.70
2025-10-02 06:48:06,541 - __main__ - INFO - 🚀 Bot iniciado via API
2025-10-02 06:48:06,541 - __main__ - ERROR - Erro ao iniciar bot: no running event loop
2025-10-02 06:53:22,634 - trader.bybit_analyser - WARNING - 🎮 MODO SIMULADO ATIVADO
2025-10-02 06:53:22,634 - __main__ - INFO - 💰 Saldo real na Bybit: $18.34
2025-10-02 06:53:22,635 - trader.core - INFO - 🤖 ULTRABOT inicializado - Modo CONSERVATIVE Ativado!
2025-10-02 06:53:22,635 - __main__ - INFO - 🤖 ULTRABOT inicializado - Modo Ganancioso Ativado!
2025-10-02 06:53:22,660 - __main__ - WARNING - ⚠️ Telegram não disponível: No module named 'imghdr'
2025-10-02 06:53:22,661 - __main__ - ERROR - 🔴 DISCREPÂNCIA DE SALDO: Bybit=$18.34 vs Bot=$1000.00 (Dif: $981.66)
2025-10-02 06:53:22,661 - __main__ - INFO - 🚀 Iniciando servidor ULTRABOT PRO...
2025-10-02 06:53:22,670 - __main__ - INFO - 🌐 Servidor rodando em: http://0.0.0.0:5000
2025-10-02 06:53:22,671 - __main__ - INFO - ⚠️  Usando Waitress (Produção)
2025-10-02 06:53:22,678 - waitress - INFO - Serving on http://0.0.0.0:5000
2025-10-02 06:53:32,001 - __main__ - WARNING - ⚠️ Telegram não disponível: No module named 'imghdr'
2025-10-02 06:53:32,001 - trader.core - INFO - 🚀 ULTRABOT iniciado - Modo Ganancioso Ativado!
2025-10-02 06:53:32,002 - __main__ - INFO - 🚀 Bot iniciado via API
2025-10-02 07:05:18,239 - trader.bybit_analyser - WARNING - 🎮 MODO SIMULADO ATIVADO
2025-10-02 07:05:18,240 - __main__ - INFO - 💰 Saldo real na Bybit: $18.34
2025-10-02 07:05:18,240 - trader.core - INFO - 🤖 ULTRABOT inicializado - Modo CONSERVATIVE Ativado!
2025-10-02 07:05:18,240 - __main__ - INFO - 🤖 ULTRABOT inicializado - Modo Ganancioso Ativado!
2025-10-02 07:05:18,262 - __main__ - WARNING - ⚠️ Telegram não disponível: No module named 'imghdr'
2025-10-02 07:05:18,263 - __main__ - ERROR - 🔴 DISCREPÂNCIA DE SALDO: Bybit=$18.34 vs Bot=$1000.00 (Dif: $981.66)
2025-10-02 07:05:18,264 - __main__ - INFO - 🚀 Iniciando servidor ULTRABOT PRO...
2025-10-02 07:05:18,273 - __main__ - INFO - 🌐 Servidor rodando em: http://0.0.0.0:5000
2025-10-02 07:05:18,274 - __main__ - INFO - ⚠️  Usando Waitress (Produção)
2025-10-02 07:05:18,278 - waitress - INFO - Serving on http://0.0.0.0:5000
2025-10-02 07:05:24,972 - __main__ - WARNING - ⚠️ Telegram não disponível: No module named 'imghdr'
2025-10-02 07:05:24,973 - trader.core - INFO - 🚀 ULTRABOT iniciado - Modo Ganancioso Ativado!
2025-10-02 07:05:24,975 - __main__ - INFO - 🚀 Bot iniciado via API
2025-10-02 07:25:02,404 - trader.bybit_analyser - WARNING - 🎮 MODO SIMULADO ATIVADO
2025-10-02 07:25:02,405 - __main__ - INFO - 💰 Saldo real na Bybit: $18.34
2025-10-02 07:25:02,405 - trader.core - INFO - 🤖 ULTRABOT inicializado - Modo CONSERVATIVE Ativado!
2025-10-02 07:25:02,405 - __main__ - INFO - 🤖 ULTRABOT inicializado - Modo Ganancioso Ativado!
2025-10-02 07:25:02,426 - __main__ - WARNING - ⚠️ Telegram não disponível: No module named 'imghdr'
2025-10-02 07:25:02,426 - __main__ - ERROR - 🔴 DISCREPÂNCIA DE SALDO: Bybit=$18.34 vs Bot=$1000.00 (Dif: $981.66)
2025-10-02 07:25:02,427 - __main__ - INFO - 🚀 Iniciando servidor ULTRABOT PRO...
2025-10-02 07:25:02,434 - __main__ - INFO - 🌐 Servidor rodando em: http://0.0.0.0:5000
2025-10-02 07:25:02,435 - __main__ - INFO - ⚠️  Usando Waitress (Produção)
2025-10-02 07:25:02,439 - waitress - INFO - Serving on http://0.0.0.0:5000
2025-10-02 07:25:13,388 - __main__ - WARNING - ⚠️ Telegram não disponível: No module named 'imghdr'
2025-10-02 07:25:13,390 - trader.core - INFO - 🚀 ULTRABOT iniciado - Modo Ganancioso Ativado!
2025-10-02 07:25:13,390 - trader.core - INFO - 💰 Trade executado: LOSS - $-0.85
2025-10-02 07:25:13,392 - __main__ - INFO - 🚀 Bot iniciado via API
2025-10-02 08:00:45,105 - trader.bybit_analyser - WARNING - 🎮 MODO SIMULADO ATIVADO
2025-10-02 08:00:45,108 - __main__ - INFO - 💰 Saldo real na Bybit: $18.34
2025-10-02 08:00:45,109 - trader.core - INFO - 🤖 ULTRABOT inicializado - Modo CONSERVATIVE Ativado!
2025-10-02 08:00:45,109 - __main__ - INFO - 🤖 ULTRABOT inicializado - Modo Ganancioso Ativado!
2025-10-02 08:00:45,133 - __main__ - WARNING - ⚠️ Telegram não disponível: No module named 'imghdr'
2025-10-02 08:00:45,133 - __main__ - ERROR - 🔴 DISCREPÂNCIA DE SALDO: Bybit=$18.34 vs Bot=$1000.00 (Dif: $981.66)
2025-10-02 08:00:45,134 - __main__ - INFO - 🚀 Iniciando servidor ULTRABOT PRO...
2025-10-02 08:00:45,146 - __main__ - INFO - 🌐 Servidor rodando em: http://0.0.0.0:5000
2025-10-02 08:00:45,148 - __main__ - INFO - ⚠️  Usando Waitress (Produção)
2025-10-02 08:00:45,159 - waitress - INFO - Serving on http://0.0.0.0:5000
2025-10-02 08:07:42,108 - trader.bybit_analyser - WARNING - 🎮 MODO SIMULADO ATIVADO
2025-10-02 08:07:42,108 - __main__ - INFO - 💰 Saldo real na Bybit: $18.34
2025-10-02 08:07:42,108 - trader.core - INFO - 🤖 ULTRABOT inicializado - Modo CONSERVATIVE Ativado!
2025-10-02 08:07:42,108 - __main__ - INFO - 🤖 ULTRABOT inicializado - Modo Ganancioso Ativado!
2025-10-02 08:07:42,128 - __main__ - WARNING - ⚠️ Telegram não disponível: No module named 'imghdr'
2025-10-02 08:07:42,128 - __main__ - ERROR - 🔴 DISCREPÂNCIA DE SALDO: Bybit=$18.34 vs Bot=$1000.00 (Dif: $981.66)
2025-10-02 08:07:42,129 - __main__ - INFO - 🚀 Iniciando servidor ULTRABOT PRO...
2025-10-02 08:07:42,135 - __main__ - INFO - 🌐 Servidor rodando em: http://0.0.0.0:5000
2025-10-02 08:07:42,135 - __main__ - INFO - ⚠️  Usando Waitress (Produção)
2025-10-02 08:07:42,139 - waitress - INFO - Serving on http://0.0.0.0:5000
2025-10-02 08:07:55,908 - __main__ - WARNING - ⚠️ Telegram não disponível: No module named 'imghdr'
2025-10-02 08:07:55,909 - trader.core - INFO - 🚀 ULTRABOT iniciado - Modo Ganancioso Ativado!
2025-10-02 08:07:55,909 - trader.core - INFO - ⏸️  Condições de mercado não ideais - Aguardando...
2025-10-02 08:07:55,910 - __main__ - INFO - 🚀 Bot iniciado via API
2025-10-02 08:34:23,486 - trader.bybit_analyser - WARNING - 🎮 MODO SIMULADO ATIVADO
2025-10-02 08:34:23,486 - __main__ - INFO - 💰 Saldo real na Bybit: $18.34
2025-10-02 08:34:23,486 - trader.core - INFO - 🤖 ULTRABOT inicializado - Modo CONSERVATIVE Ativado!
2025-10-02 08:34:23,486 - trader.core - INFO - ⚙️  Configurações: Intervalo 600s, Probabilidade 30.0%, Win Rate 65.0%
2025-10-02 08:34:23,487 - __main__ - INFO - 🤖 ULTRABOT inicializado - Modo Ganancioso Ativado!
2025-10-02 08:34:23,520 - __main__ - WARNING - ⚠️ Telegram não disponível: No module named 'imghdr'
2025-10-02 08:34:23,521 - __main__ - ERROR - 🔴 DISCREPÂNCIA DE SALDO: Bybit=$18.34 vs Bot=$1000.00 (Dif: $981.66)
2025-10-02 08:34:23,522 - __main__ - INFO - 🚀 Iniciando servidor ULTRABOT PRO...
2025-10-02 08:34:23,532 - __main__ - INFO - 🌐 Servidor rodando em: http://0.0.0.0:5000
2025-10-02 08:34:23,532 - __main__ - INFO - ⚠️  Usando Waitress (Produção)
2025-10-02 08:34:23,536 - waitress - INFO - Serving on http://0.0.0.0:5000
2025-10-02 08:36:15,791 - __main__ - WARNING - ⚠️ Telegram não disponível: No module named 'imghdr'
2025-10-02 08:36:15,793 - trader.core - INFO - 🚀 ULTRABOT INICIADO - Modo Ganancioso | Intervalo: 10min
2025-10-02 08:36:15,794 - trader.core - INFO - 📢 Notificação: 🚀 ULTRABOT INICIADO - Modo Ganancioso | Intervalo: 10min
2025-10-02 08:36:15,794 - trader.core - INFO - 📢 Notificação: 🔍 Análise #1 em andamento...
2025-10-02 08:36:15,795 - trader.core - INFO - ⏸️  Condições de mercado não ideais - Aguardando...
2025-10-02 08:36:15,796 - __main__ - INFO - 🚀 Bot iniciado via API
2025-10-02 08:37:41,834 - trader.core - INFO - ⏹️ ULTRABOT PARADO | Trades: 0 | Lucro: $0.00
2025-10-02 08:37:41,834 - trader.core - INFO - 📢 Notificação: ⏹️ ULTRABOT PARADO | Trades: 0 | Lucro: $0.00
2025-10-02 08:37:41,844 - __main__ - ERROR - Erro ao parar bot: 'bool' object is not callable
